生成启动时间为 2018/5/14 9:56:53。
     1>项目“F:\Program Files\QT\zhongban015_11_16_32\zhongban01.vcxproj”在节点 2 上(Rebuild 个目标)。
     1>CustomBuild:
         Moc'ing mainwindow.h...
         Moc'ing mylabel.h...
         Uic'ing mainwindow.ui...
     1>C:\Program Files (x86)\MSBuild\Microsoft.Cpp\v4.0\V120\Microsoft.CppBuild.targets(935,5): warning MSB8027: Two or more files with the name of moc_mainwindow.cpp will produce outputs to the same location. This can lead to an incorrect build result.  The files involved are Debug\moc_mainwindow.cpp, Release\moc_mainwindow.cpp.
     1>C:\Program Files (x86)\MSBuild\Microsoft.Cpp\v4.0\V120\Microsoft.CppBuild.targets(935,5): warning MSB8027: Two or more files with the name of moc_mylabel.cpp will produce outputs to the same location. This can lead to an incorrect build result.  The files involved are Debug\moc_mylabel.cpp, Release\moc_mylabel.cpp.
       ClCompile:
         C:\Users\Still6811\software_install\vs2013\VC\bin\x86_amd64\CL.exe /c /I. /ID:\Qt\Qt5.6.1\5.6\msvc2013_64\include /ID:\Qt\Qt5.6.1\5.6\msvc2013_64\include\QtMultimediaWidgets /ID:\Qt\Qt5.6.1\5.6\msvc2013_64\include\QtWidgets /ID:\Qt\Qt5.6.1\5.6\msvc2013_64\include\QtMultimedia /ID:\Qt\Qt5.6.1\5.6\msvc2013_64\include\QtGui /ID:\Qt\Qt5.6.1\5.6\msvc2013_64\include\QtANGLE /ID:\Qt\Qt5.6.1\5.6\msvc2013_64\include\QtNetwork /ID:\Qt\Qt5.6.1\5.6\msvc2013_64\include\QtCore /Idebug /I. /I"D:\Qt\Qt5.6.1\5.6\msvc2013_64\mkspecs\win32-msvc2013" /I.\GeneratedFiles /Zi /nologo /W3 /WX- /Od /D _WINDOWS /D UNICODE /D WIN32 /D WIN64 /D QT_DEPRECATED_WARNINGS /D QT_MULTIMEDIAWIDGETS_LIB /D QT_WIDGETS_LIB /D QT_MULTIMEDIA_LIB /D QT_GUI_LIB /D QT_NETWORK_LIB /D QT_CORE_LIB /Gm- /EHsc /MDd /GS /fp:precise /Zc:wchar_t /Zc:forScope /GR /Fo"x64\Debug\\" /Fd"x64\Debug\vc120.pdb" /Gd /TP /errorReport:prompt -w34100 -w34189 -w44996 Debug\moc_mainwindow.cpp Debug\moc_mylabel.cpp main.cpp mainwindow.cpp mylabel.cpp
         moc_mainwindow.cpp
         moc_mylabel.cpp
         main.cpp
         mainwindow.cpp
     1>mainwindow.cpp : warning C4819: 该文件包含不能在当前代码页(936)中表示的字符。请将该文件保存为 Unicode 格式以防止数据丢失
     1>mainwindow.cpp(248): warning C4100: “e”: 未引用的形参
     1>mainwindow.cpp(283): warning C4267: “参数”: 从“size_t”转换到“int”，可能丢失数据
     1>mainwindow.cpp(292): warning C4267: “参数”: 从“size_t”转换到“int”，可能丢失数据
         mylabel.cpp
     1>mylabel.cpp : warning C4819: 该文件包含不能在当前代码页(936)中表示的字符。请将该文件保存为 Unicode 格式以防止数据丢失
         正在生成代码...
     1>f:\program files\qt\zhongban015_11_16_32\mainwindow.cpp(311): warning C4700: 使用了未初始化的局部变量“image_change”
       Link:
         C:\Users\Still6811\software_install\vs2013\VC\bin\x86_amd64\link.exe /ERRORREPORT:PROMPT /OUT:"debug\\zhongban01.exe" /NOLOGO /LIBPATH:D:\Qt\Qt5.6.1\5.6\msvc2013_64\lib /LIBPATH:C:\utils\postgresql\pgsql\lib /LIBPATH:C:\utils\my_sql\my_sql\lib /LIBPATH:D:\Qt\Qt5.6.1\5.6\msvc2013_64\lib D:\Qt\Qt5.6.1\5.6\msvc2013_64\lib\qtmaind.lib shell32.lib D:\Qt\Qt5.6.1\5.6\msvc2013_64\lib\Qt5MultimediaWidgetsd.lib D:\Qt\Qt5.6.1\5.6\msvc2013_64\lib\Qt5Widgetsd.lib D:\Qt\Qt5.6.1\5.6\msvc2013_64\lib\Qt5Multimediad.lib opencv_ml249d.lib opencv_calib3d249d.lib opencv_contrib249d.lib opencv_core249d.lib opencv_features2d249d.lib opencv_flann249d.lib opencv_gpu249d.lib opencv_highgui249d.lib opencv_imgproc249d.lib opencv_legacy249d.lib opencv_objdetect249d.lib opencv_ts249d.lib opencv_video249d.lib opencv_nonfree249d.lib opencv_ocl249d.lib opencv_photo249d.lib opencv_stitching249d.lib opencv_superres249d.lib opencv_videostab249d.lib opencv_objdetect249.lib opencv_ts249.lib opencv_video249.lib opencv_nonfree249.lib opencv_ocl249.lib opencv_photo249.lib opencv_stitching249.lib opencv_superres249.lib opencv_videostab249.lib opencv_calib3d249.lib opencv_contrib249.lib opencv_core249.lib opencv_features2d249.lib opencv_flann249.lib opencv_gpu249.lib opencv_highgui249.lib opencv_imgproc249.lib opencv_legacy249.lib opencv_ml249.lib D:\Qt\Qt5.6.1\5.6\msvc2013_64\lib\Qt5Guid.lib D:\Qt\Qt5.6.1\5.6\msvc2013_64\lib\Qt5Networkd.lib D:\Qt\Qt5.6.1\5.6\msvc2013_64\lib\Qt5Cored.lib kernel32.lib user32.lib gdi32.lib winspool.lib comdlg32.lib advapi32.lib shell32.lib ole32.lib oleaut32.lib uuid.lib odbc32.lib odbccp32.lib /MANIFEST /MANIFESTUAC:"level='asInvoker' uiAccess='false'" /manifest:embed /DEBUG /PDB:"debug\zhongban01.pdb" /SUBSYSTEM:WINDOWS /TLBID:1 /DYNAMICBASE /NXCOMPAT /MACHINE:X64 "/MANIFESTDEPENDENCY:type='win32' name='Microsoft.Windows.Common-Controls' version='6.0.0.0' publicKeyToken='6595b64144ccf1df' language='*' processorArchitecture='*'" x64\Debug\moc_mainwindow.obj
         x64\Debug\moc_mylabel.obj
         x64\Debug\main.obj
         x64\Debug\mainwindow.obj
         x64\Debug\mylabel.obj
         zhongban01.vcxproj -> F:\Program Files\QT\zhongban015_11_16_32\debug\zhongban01.exe
     1>已完成生成项目“F:\Program Files\QT\zhongban015_11_16_32\zhongban01.vcxproj”(Rebuild 个目标)的操作。

生成成功。

已用时间 00:00:07.09
