f:\program files\qt\zhongban015_11_16_32\x64\debug\vc120.pdb
f:\program files\qt\zhongban015_11_16_32\x64\debug\mylabel.obj
f:\program files\qt\zhongban015_11_16_32\x64\debug\main.obj
f:\program files\qt\zhongban015_11_16_32\x64\debug\moc_mylabel.obj
f:\program files\qt\zhongban015_11_16_32\x64\debug\moc_mainwindow.obj
f:\program files\qt\zhongban015_11_16_32\x64\debug\mainwindow.obj
f:\program files\qt\zhongban015_11_16_32\debug\moc_mainwindow.cpp
f:\program files\qt\zhongban015_11_16_32\debug\moc_mylabel.cpp
f:\program files\qt\zhongban015_11_16_32\generatedfiles\ui_mainwindow.h
f:\program files\qt\zhongban015_11_16_32\debug\zhongban01.ilk
f:\program files\qt\zhongban015_11_16_32\debug\zhongban01.exe
f:\program files\qt\zhongban015_11_16_32\debug\zhongban01.pdb
f:\program files\qt\zhongban015_11_16_32\x64\debug\zhongban01.tlog\cl.command.1.tlog
f:\program files\qt\zhongban015_11_16_32\x64\debug\zhongban01.tlog\cl.read.1.tlog
f:\program files\qt\zhongban015_11_16_32\x64\debug\zhongban01.tlog\cl.write.1.tlog
f:\program files\qt\zhongban015_11_16_32\x64\debug\zhongban01.tlog\custombuild.command.1.tlog
f:\program files\qt\zhongban015_11_16_32\x64\debug\zhongban01.tlog\custombuild.read.1.tlog
f:\program files\qt\zhongban015_11_16_32\x64\debug\zhongban01.tlog\custombuild.write.1.tlog
f:\program files\qt\zhongban015_11_16_32\x64\debug\zhongban01.tlog\link.command.1.tlog
f:\program files\qt\zhongban015_11_16_32\x64\debug\zhongban01.tlog\link.read.1.tlog
f:\program files\qt\zhongban015_11_16_32\x64\debug\zhongban01.tlog\link.write.1.tlog
